<?xml version="1.0" encoding="UTF-8"?>
<testsuite name="com.cs.service.LogFileProcessorServiceTest" tests="1" skipped="0" failures="0" errors="0" timestamp="2019-09-30T16:34:36" hostname="LAPTOP-GNI3VBGM" time="0.314">
  <properties/>
  <testcase name="readFileAndUpdateDbTest" classname="com.cs.service.LogFileProcessorServiceTest" time="0.314"/>
  <system-out><![CDATA[22:04:26.596 [Test worker] DEBUG org.springframework.test.context.junit4.SpringJUnit4ClassRunner - SpringJUnit4ClassRunner constructor called with [class com.cs.service.LogFileProcessorServiceTest]
22:04:26.611 [Test worker] DEBUG org.springframework.test.context.BootstrapUtils - Instantiating CacheAwareContextLoaderDelegate from class [org.springframework.test.context.cache.DefaultCacheAwareContextLoaderDelegate]
22:04:26.631 [Test worker] DEBUG org.springframework.test.context.BootstrapUtils - Instantiating BootstrapContext using constructor [public org.springframework.test.context.support.DefaultBootstrapContext(java.lang.Class,org.springframework.test.context.CacheAwareContextLoaderDelegate)]
22:04:26.684 [Test worker] DEBUG org.springframework.test.context.BootstrapUtils - Instantiating TestContextBootstrapper for test class [com.cs.service.LogFileProcessorServiceTest] from class [org.springframework.boot.test.context.SpringBootTestContextBootstrapper]
22:04:26.717 [Test worker] INFO org.springframework.boot.test.context.SpringBootTestContextBootstrapper - Neither @ContextConfiguration nor @ContextHierarchy found for test class [com.cs.service.LogFileProcessorServiceTest], using SpringBootContextLoader
22:04:26.739 [Test worker] DEBUG org.springframework.test.context.support.AbstractContextLoader - Did not detect default resource location for test class [com.cs.service.LogFileProcessorServiceTest]: class path resource [com/cs/service/LogFileProcessorServiceTest-context.xml] does not exist
22:04:26.740 [Test worker] DEBUG org.springframework.test.context.support.AbstractContextLoader - Did not detect default resource location for test class [com.cs.service.LogFileProcessorServiceTest]: class path resource [com/cs/service/LogFileProcessorServiceTestContext.groovy] does not exist
22:04:26.740 [Test worker] INFO org.springframework.test.context.support.AbstractContextLoader - Could not detect default resource locations for test class [com.cs.service.LogFileProcessorServiceTest]: no resource found for suffixes {-context.xml, Context.groovy}.
22:04:26.742 [Test worker] INFO org.springframework.test.context.support.AnnotationConfigContextLoaderUtils - Could not detect default configuration classes for test class [com.cs.service.LogFileProcessorServiceTest]: LogFileProcessorServiceTest does not declare any static, non-private, non-final, nested classes annotated with @Configuration.
22:04:26.860 [Test worker] DEBUG org.springframework.test.context.support.ActiveProfilesUtils - Could not find an 'annotation declaring class' for annotation type [org.springframework.test.context.ActiveProfiles] and class [com.cs.service.LogFileProcessorServiceTest]
22:04:27.061 [Test worker] DEBUG org.springframework.context.annotation.ClassPathScanningCandidateComponentProvider - Identified candidate component class: file [C:\Users\Jyoti\Desktop\CreditSwissTest\LogAlert\build\classes\java\main\com\cs\LogInfoAlertApplication.class]
22:04:27.065 [Test worker] INFO org.springframework.boot.test.context.SpringBootTestContextBootstrapper - Found @SpringBootConfiguration com.cs.LogInfoAlertApplication for test class com.cs.service.LogFileProcessorServiceTest
22:04:27.333 [Test worker] DEBUG org.springframework.boot.test.context.SpringBootTestContextBootstrapper - @TestExecutionListeners is not present for class [com.cs.service.LogFileProcessorServiceTest]: using defaults.
22:04:27.336 [Test worker] INFO org.springframework.boot.test.context.SpringBootTestContextBootstrapper - Loaded default TestExecutionListener class names from location [META-INF/spring.factories]: [org.springframework.boot.test.autoconfigure.restdocs.RestDocsTestExecutionListener, org.springframework.boot.test.autoconfigure.web.client.MockRestServiceServerResetTestExecutionListener, org.springframework.boot.test.autoconfigure.web.servlet.MockMvcPrintOnlyOnFailureTestExecutionListener, org.springframework.boot.test.autoconfigure.web.servlet.WebDriverTestExecutionListener, org.springframework.boot.test.mock.mockito.MockitoTestExecutionListener, org.springframework.boot.test.mock.mockito.ResetMocksTestExecutionListener, org.springframework.test.context.web.ServletTestExecutionListener, org.springframework.test.context.support.DirtiesContextBeforeModesTestExecutionListener, org.springframework.test.context.support.DependencyInjectionTestExecutionListener, org.springframework.test.context.support.DirtiesContextTestExecutionListener, org.springframework.test.context.transaction.TransactionalTestExecutionListener, org.springframework.test.context.jdbc.SqlScriptsTestExecutionListener]
22:04:27.447 [Test worker] DEBUG org.springframework.boot.test.context.SpringBootTestContextBootstrapper - Skipping candidate TestExecutionListener [org.springframework.test.context.web.ServletTestExecutionListener] due to a missing dependency. Specify custom listener classes or make the default listener classes and their required dependencies available. Offending class: [javax/servlet/ServletContext]
22:04:27.474 [Test worker] INFO org.springframework.boot.test.context.SpringBootTestContextBootstrapper - Using TestExecutionListeners: [org.springframework.test.context.support.DirtiesContextBeforeModesTestExecutionListener@7f0f7ca1, org.springframework.boot.test.mock.mockito.MockitoTestExecutionListener@268113f, org.springframework.boot.test.autoconfigure.SpringBootDependencyInjectionTestExecutionListener@2c238b5f, org.springframework.test.context.support.DirtiesContextTestExecutionListener@32deead9, org.springframework.test.context.transaction.TransactionalTestExecutionListener@36b06257, org.springframework.test.context.jdbc.SqlScriptsTestExecutionListener@74936c57, org.springframework.boot.test.autoconfigure.restdocs.RestDocsTestExecutionListener@445a78e9, org.springframework.boot.test.autoconfigure.web.client.MockRestServiceServerResetTestExecutionListener@197da99, org.springframework.boot.test.autoconfigure.web.servlet.MockMvcPrintOnlyOnFailureTestExecutionListener@3480a226, org.springframework.boot.test.autoconfigure.web.servlet.WebDriverTestExecutionListener@5b1e9135, org.springframework.boot.test.mock.mockito.ResetMocksTestExecutionListener@4c14278f]
22:04:27.490 [Test worker] DEBUG org.springframework.test.annotation.ProfileValueUtils - Retrieved @ProfileValueSourceConfiguration [null] for test class [com.cs.service.LogFileProcessorServiceTest]
22:04:27.492 [Test worker] DEBUG org.springframework.test.annotation.ProfileValueUtils - Retrieved ProfileValueSource type [class org.springframework.test.annotation.SystemProfileValueSource] for class [com.cs.service.LogFileProcessorServiceTest]
22:04:27.496 [Test worker] DEBUG org.springframework.test.annotation.ProfileValueUtils - Retrieved @ProfileValueSourceConfiguration [null] for test class [com.cs.service.LogFileProcessorServiceTest]
22:04:27.498 [Test worker] DEBUG org.springframework.test.annotation.ProfileValueUtils - Retrieved ProfileValueSource type [class org.springframework.test.annotation.SystemProfileValueSource] for class [com.cs.service.LogFileProcessorServiceTest]
22:04:27.514 [Test worker] DEBUG org.springframework.test.context.support.AbstractDirtiesContextTestExecutionListener - Before test class: context [DefaultTestContext@4dc38706 testClass = LogFileProcessorServiceTest, testInstance = [null], testMethod = [null], testException = [null], mergedContextConfiguration = [MergedContextConfiguration@3c81eb60 testClass = LogFileProcessorServiceTest, locations = '{}', classes = '{class com.cs.LogInfoAlertApplication}', contextInitializerClasses = '[]', activeProfiles = '{}', propertySourceLocations = '{}', propertySourceProperties = '{org.springframework.boot.test.context.SpringBootTestContextBootstrapper=true}', contextCustomizers = set[org.springframework.boot.test.autoconfigure.properties.PropertyMappingContextCustomizer@0, org.springframework.boot.test.autoconfigure.web.servlet.WebDriverContextCustomizerFactory$Customizer@43c1a8da, org.springframework.boot.test.context.filter.ExcludeFilterContextCustomizer@762ed9b1, org.springframework.boot.test.json.DuplicateJsonObjectContextCustomizerFactory$DuplicateJsonObjectContextCustomizer@6212c299, org.springframework.boot.test.mock.mockito.MockitoContextCustomizer@0, org.springframework.boot.test.web.client.TestRestTemplateContextCustomizer@4cd12f74], contextLoader = 'org.springframework.boot.test.context.SpringBootContextLoader', parent = [null]], attributes = map[[empty]]], class annotated with @DirtiesContext [false] with mode [null].
22:04:27.516 [Test worker] DEBUG org.springframework.test.annotation.ProfileValueUtils - Retrieved @ProfileValueSourceConfiguration [null] for test class [com.cs.service.LogFileProcessorServiceTest]
22:04:27.517 [Test worker] DEBUG org.springframework.test.annotation.ProfileValueUtils - Retrieved ProfileValueSource type [class org.springframework.test.annotation.SystemProfileValueSource] for class [com.cs.service.LogFileProcessorServiceTest]
22:04:27.534 [Test worker] DEBUG org.springframework.test.context.support.DependencyInjectionTestExecutionListener - Performing dependency injection for test context [[DefaultTestContext@4dc38706 testClass = LogFileProcessorServiceTest, testInstance = com.cs.service.LogFileProcessorServiceTest@36c7a0b0, testMethod = [null], testException = [null], mergedContextConfiguration = [MergedContextConfiguration@3c81eb60 testClass = LogFileProcessorServiceTest, locations = '{}', classes = '{class com.cs.LogInfoAlertApplication}', contextInitializerClasses = '[]', activeProfiles = '{}', propertySourceLocations = '{}', propertySourceProperties = '{org.springframework.boot.test.context.SpringBootTestContextBootstrapper=true}', contextCustomizers = set[org.springframework.boot.test.autoconfigure.properties.PropertyMappingContextCustomizer@0, org.springframework.boot.test.autoconfigure.web.servlet.WebDriverContextCustomizerFactory$Customizer@43c1a8da, org.springframework.boot.test.context.filter.ExcludeFilterContextCustomizer@762ed9b1, org.springframework.boot.test.json.DuplicateJsonObjectContextCustomizerFactory$DuplicateJsonObjectContextCustomizer@6212c299, org.springframework.boot.test.mock.mockito.MockitoContextCustomizer@0, org.springframework.boot.test.web.client.TestRestTemplateContextCustomizer@4cd12f74], contextLoader = 'org.springframework.boot.test.context.SpringBootContextLoader', parent = [null]], attributes = map[[empty]]]].
22:04:27.601 [Test worker] DEBUG org.springframework.test.context.support.TestPropertySourceUtils - Adding inlined properties to environment: {spring.jmx.enabled=false, org.springframework.boot.test.context.SpringBootTestContextBootstrapper=true, server.port=-1}

  .   ____          _            __ _ _
 /\\ / ___'_ __ _ _(_)_ __  __ _ \ \ \ \
( ( )\___ | '_ | '_| | '_ \/ _` | \ \ \ \
 \\/  ___)| |_)| | | | | || (_| |  ) ) ) )
  '  |____| .__|_| |_|_| |_\__, | / / / /
 =========|_|==============|___/=/_/_/_/
 :: Spring Boot ::        (v2.1.8.RELEASE)

2019-Sep-30 22:04:28.390 INFO  [Test worker] c.c.s.LogFileProcessorServiceTest - Starting LogFileProcessorServiceTest on LAPTOP-GNI3VBGM with PID 6836 (started by Jyoti in C:\Users\Jyoti\Desktop\CreditSwissTest\LogAlert)
2019-Sep-30 22:04:28.393 DEBUG [Test worker] c.c.s.LogFileProcessorServiceTest - Running with Spring Boot v2.1.8.RELEASE, Spring v5.1.9.RELEASE
2019-Sep-30 22:04:28.395 INFO  [Test worker] c.c.s.LogFileProcessorServiceTest - No active profile set, falling back to default profiles: default
2019-Sep-30 22:04:35.414 INFO  [Test worker] c.c.s.LogFileProcessorServiceTest - Started LogFileProcessorServiceTest in 7.809 seconds (JVM running for 10.808)
2019-Sep-30 22:04:35.429 DEBUG [Test worker] c.c.a.LoggingAspect - Starting...! Method Name - readFile
2019-Sep-30 22:04:35.804 DEBUG [Test worker] c.c.s.LogManagerServiceImp - Number of records in LogList are =4
2019-Sep-30 22:04:35.820 DEBUG [Test worker] c.c.a.LoggingAspect - Starting...! Method Name - writeCompletedLogInfoToDb
2019-Sep-30 22:04:35.976 DEBUG [Test worker] c.c.a.LoggingAspect - Exiting...! Method Name - writeCompletedLogInfoToDb Execution Time in Milliseconds:> 156
2019-Sep-30 22:04:35.976 DEBUG [Test worker] c.c.a.LoggingAspect - Starting...! Method Name - writeUncompletedLogInfoToDb
2019-Sep-30 22:04:36.304 DEBUG [Test worker] c.c.a.LoggingAspect - Exiting...! Method Name - writeUncompletedLogInfoToDb Execution Time in Milliseconds:> 328
2019-Sep-30 22:04:36.304 DEBUG [Test worker] c.c.s.LogManagerServiceImp - Number of records in LogList are =2
2019-Sep-30 22:04:36.304 DEBUG [Test worker] c.c.a.LoggingAspect - Starting...! Method Name - writeUncompletedLogInfoToDb
2019-Sep-30 22:04:36.351 DEBUG [Test worker] c.c.a.LoggingAspect - Exiting...! Method Name - writeUncompletedLogInfoToDb Execution Time in Milliseconds:> 47
2019-Sep-30 22:04:36.351 DEBUG [Test worker] c.c.a.LoggingAspect - Exiting...! Method Name - readFile Execution Time in Milliseconds:> 922
2019-Sep-30 22:04:36.351 DEBUG [Test worker] c.c.s.LogFileProcessorServiceImp - Total record processed : 6
2019-Sep-30 22:04:36.601 DEBUG [Test worker] c.c.a.LoggingAspect - Starting...! Method Name - readFile
2019-Sep-30 22:04:36.616 DEBUG [Test worker] c.c.s.LogManagerServiceImp - Number of records in LogList are =2
2019-Sep-30 22:04:36.616 DEBUG [Test worker] c.c.a.LoggingAspect - Starting...! Method Name - writeCompletedLogInfoToDb
2019-Sep-30 22:04:36.666 DEBUG [Test worker] c.c.a.LoggingAspect - Exiting...! Method Name - writeCompletedLogInfoToDb Execution Time in Milliseconds:> 50
2019-Sep-30 22:04:36.667 DEBUG [Test worker] c.c.a.LoggingAspect - Exiting...! Method Name - readFile Execution Time in Milliseconds:> 66
2019-Sep-30 22:04:36.668 DEBUG [Test worker] c.c.s.LogFileProcessorServiceImp - Total record processed : 8
]]></system-out>
  <system-err><![CDATA[]]></system-err>
</testsuite>
