<?xml version="1.0" encoding="UTF-8"?>
<testsuite name="com.cs.service.LogManagerServiceTest" tests="4" skipped="0" failures="0" errors="0" timestamp="2019-09-30T16:34:36" hostname="LAPTOP-GNI3VBGM" time="0.226">
  <properties/>
  <testcase name="eventIdMapperTest" classname="com.cs.service.LogManagerServiceTest" time="0.01"/>
  <testcase name="saveUncompletedStateLogListInDBTest" classname="com.cs.service.LogManagerServiceTest" time="0.089"/>
  <testcase name="saveCompletedStateLogListInDBTest" classname="com.cs.service.LogManagerServiceTest" time="0.057"/>
  <testcase name="logInfoProcessorTest" classname="com.cs.service.LogManagerServiceTest" time="0.067"/>
  <system-out><![CDATA[2019-Sep-30 22:04:36.809 DEBUG [Test worker] c.c.a.LoggingAspect - Starting...! Method Name - writeUncompletedLogInfoToDb
2019-Sep-30 22:04:36.887 DEBUG [Test worker] c.c.a.LoggingAspect - Exiting...! Method Name - writeUncompletedLogInfoToDb Execution Time in Milliseconds:> 78
2019-Sep-30 22:04:36.899 DEBUG [Test worker] c.c.a.LoggingAspect - Starting...! Method Name - writeCompletedLogInfoToDb
2019-Sep-30 22:04:36.920 DEBUG [Test worker] c.c.a.LoggingAspect - Exiting...! Method Name - writeCompletedLogInfoToDb Execution Time in Milliseconds:> 21
2019-Sep-30 22:04:36.957 DEBUG [Test worker] c.c.s.LogManagerServiceImp - Number of records in LogList are =4
2019-Sep-30 22:04:36.957 DEBUG [Test worker] c.c.a.LoggingAspect - Starting...! Method Name - writeCompletedLogInfoToDb
2019-Sep-30 22:04:37.013 DEBUG [Test worker] c.c.a.LoggingAspect - Exiting...! Method Name - writeCompletedLogInfoToDb Execution Time in Milliseconds:> 56
]]></system-out>
  <system-err><![CDATA[]]></system-err>
</testsuite>
