<?xml version="1.0" encoding="UTF-8"?>
<testsuite name="com.cs.service.LogManagerServiceTest" tests="4" skipped="0" failures="0" errors="0" timestamp="2019-09-30T15:16:17" hostname="LAPTOP-GNI3VBGM" time="0.122">
  <properties/>
  <testcase name="eventIdMapperTest" classname="com.cs.service.LogManagerServiceTest" time="0.005"/>
  <testcase name="saveUncompletedStateLogListInDBTest" classname="com.cs.service.LogManagerServiceTest" time="0.073"/>
  <testcase name="saveCompletedStateLogListInDBTest" classname="com.cs.service.LogManagerServiceTest" time="0.019"/>
  <testcase name="logInfoProcessorTest" classname="com.cs.service.LogManagerServiceTest" time="0.021"/>
  <system-out><![CDATA[2019-Sep-30 20:46:17.257 DEBUG [Test worker] c.c.a.LoggingAspect - Starting...! Method Name - writeUncompletedLogInfoToDb
2019-Sep-30 20:46:17.319 DEBUG [Test worker] c.c.a.LoggingAspect - Exiting...! Method Name - writeUncompletedLogInfoToDb Execution Time in Milliseconds:> 62
2019-Sep-30 20:46:17.335 DEBUG [Test worker] c.c.a.LoggingAspect - Starting...! Method Name - writeCompletedLogInfoToDb
2019-Sep-30 20:46:17.350 DEBUG [Test worker] c.c.a.LoggingAspect - Exiting...! Method Name - writeCompletedLogInfoToDb Execution Time in Milliseconds:> 15
2019-Sep-30 20:46:17.366 DEBUG [Test worker] c.c.s.LogManagerServiceImp - Number of records in LogList are =4
2019-Sep-30 20:46:17.366 DEBUG [Test worker] c.c.a.LoggingAspect - Starting...! Method Name - writeCompletedLogInfoToDb
2019-Sep-30 20:46:17.366 DEBUG [Test worker] c.c.a.LoggingAspect - Exiting...! Method Name - writeCompletedLogInfoToDb Execution Time in Milliseconds:> 0
]]></system-out>
  <system-err><![CDATA[]]></system-err>
</testsuite>
